<?xml version="1.0" encoding="UTF-8"?>
<testsuites>
  <testsuite name="Tests\Feature\OnboardingFlowTest" file="D:\study-planner\tests\Feature\OnboardingFlowTest.php" tests="4" assertions="0" errors="4" failures="0" skipped="0" time="0.000000">
    <testcase name="it_validates_step_1_correctly" file="D:\study-planner\tests\Feature\OnboardingFlowTest.php" line="24" class="Tests\Feature\OnboardingFlowTest" classname="Tests.Feature.OnboardingFlowTest" assertions="0" time="0.000000">
      <error type="Illuminate\Database\QueryException">Tests\Feature\OnboardingFlowTest::it_validates_step_1_correctly&#13;
Illuminate\Database\QueryException: SQLSTATE[HY000]: General error: 1 error in index study_plans_user_id_subject_id_index after drop column: no such column: subject_id (Connection: sqlite, Database: database/test_db.sqlite, SQL: alter table "study_plans" drop column "subject_id")
&#13;
D:\study-planner\vendor\laravel\framework\src\Illuminate\Database\Connection.php:838
D:\study-planner\vendor\laravel\framework\src\Illuminate\Database\Connection.php:794
D:\study-planner\vendor\laravel\framework\src\Illuminate\Database\Connection.php:573
D:\study-planner\vendor\laravel\framework\src\Illuminate\Database\Schema\Blueprint.php:121
D:\study-planner\vendor\laravel\framework\src\Illuminate\Database\Schema\Builder.php:684
D:\study-planner\vendor\laravel\framework\src\Illuminate\Database\Schema\Builder.php:494
D:\study-planner\vendor\laravel\framework\src\Illuminate\Support\Facades\Facade.php:363
D:\study-planner\database\migrations\2026_02_17_000003_remove_subject_id_from_study_tables.php:14
D:\study-planner\vendor\laravel\framework\src\Illuminate\Database\Migrations\Migrator.php:517
D:\study-planner\vendor\laravel\framework\src\Illuminate\Database\Migrations\Migrator.php:442
D:\study-planner\vendor\laravel\framework\src\Illuminate\Database\Migrations\Migrator.php:451
D:\study-planner\vendor\laravel\framework\src\Illuminate\Database\Migrations\Migrator.php:253
D:\study-planner\vendor\laravel\framework\src\Illuminate\Console\View\Components\Task.php:41
D:\study-planner\vendor\laravel\framework\src\Illuminate\Database\Migrations\Migrator.php:812
D:\study-planner\vendor\laravel\framework\src\Illuminate\Database\Migrations\Migrator.php:253
D:\study-planner\vendor\laravel\framework\src\Illuminate\Database\Migrations\Migrator.php:211
D:\study-planner\vendor\laravel\framework\src\Illuminate\Database\Migrations\Migrator.php:138
D:\study-planner\vendor\laravel\framework\src\Illuminate\Database\Console\Migrations\MigrateCommand.php:116
D:\study-planner\vendor\laravel\framework\src\Illuminate\Database\Migrations\Migrator.php:669
D:\study-planner\vendor\laravel\framework\src\Illuminate\Database\Console\Migrations\MigrateCommand.php:109
D:\study-planner\vendor\laravel\framework\src\Illuminate\Database\Console\Migrations\MigrateCommand.php:88
D:\study-planner\vendor\laravel\framework\src\Illuminate\Container\BoundMethod.php:36
D:\study-planner\vendor\laravel\framework\src\Illuminate\Container\Util.php:43
D:\study-planner\vendor\laravel\framework\src\Illuminate\Container\BoundMethod.php:96
D:\study-planner\vendor\laravel\framework\src\Illuminate\Container\BoundMethod.php:35
D:\study-planner\vendor\laravel\framework\src\Illuminate\Container\Container.php:799
D:\study-planner\vendor\laravel\framework\src\Illuminate\Console\Command.php:211
D:\study-planner\vendor\symfony\console\Command\Command.php:341
D:\study-planner\vendor\laravel\framework\src\Illuminate\Console\Command.php:180
D:\study-planner\vendor\laravel\framework\src\Illuminate\Console\Concerns\CallsCommands.php:68
D:\study-planner\vendor\laravel\framework\src\Illuminate\Console\Concerns\CallsCommands.php:29
D:\study-planner\vendor\laravel\framework\src\Illuminate\Database\Console\Migrations\FreshCommand.php:81
D:\study-planner\vendor\laravel\framework\src\Illuminate\Container\BoundMethod.php:36
D:\study-planner\vendor\laravel\framework\src\Illuminate\Container\Util.php:43
D:\study-planner\vendor\laravel\framework\src\Illuminate\Container\BoundMethod.php:96
D:\study-planner\vendor\laravel\framework\src\Illuminate\Container\BoundMethod.php:35
D:\study-planner\vendor\laravel\framework\src\Illuminate\Container\Container.php:799
D:\study-planner\vendor\laravel\framework\src\Illuminate\Console\Command.php:211
D:\study-planner\vendor\symfony\console\Command\Command.php:341
D:\study-planner\vendor\laravel\framework\src\Illuminate\Console\Command.php:180
D:\study-planner\vendor\symfony\console\Application.php:1079
D:\study-planner\vendor\symfony\console\Application.php:356
D:\study-planner\vendor\symfony\console\Application.php:195
D:\study-planner\vendor\laravel\framework\src\Illuminate\Console\Application.php:165
D:\study-planner\vendor\laravel\framework\src\Illuminate\Foundation\Console\Kernel.php:447
D:\study-planner\vendor\laravel\framework\src\Illuminate\Testing\PendingCommand.php:451
D:\study-planner\vendor\laravel\framework\src\Illuminate\Testing\PendingCommand.php:675
D:\study-planner\vendor\laravel\framework\src\Illuminate\Foundation\Testing\Concerns\InteractsWithConsole.php:87
D:\study-planner\vendor\laravel\framework\src\Illuminate\Foundation\Testing\RefreshDatabase.php:119
D:\study-planner\vendor\laravel\framework\src\Illuminate\Foundation\Testing\RefreshDatabase.php:84
D:\study-planner\vendor\laravel\framework\src\Illuminate\Foundation\Testing\RefreshDatabase.php:25
D:\study-planner\vendor\laravel\framework\src\Illuminate\Foundation\Testing\Concerns\InteractsWithTestCaseLifecycle.php:217
D:\study-planner\vendor\laravel\framework\src\Illuminate\Foundation\Testing\Concerns\InteractsWithTestCaseLifecycle.php:101
D:\study-planner\vendor\laravel\framework\src\Illuminate\Foundation\Testing\TestCase.php:63
D:\study-planner\tests\Feature\OnboardingFlowTest.php:16</error>
    </testcase>
    <testcase name="it_enforces_session_duration_limits_against_daily_hours_in_step_3" file="D:\study-planner\tests\Feature\OnboardingFlowTest.php" line="46" class="Tests\Feature\OnboardingFlowTest" classname="Tests.Feature.OnboardingFlowTest" assertions="0" time="0.000000">
      <error type="Illuminate\Database\QueryException">Tests\Feature\OnboardingFlowTest::it_enforces_session_duration_limits_against_daily_hours_in_step_3&#13;
Illuminate\Database\QueryException: SQLSTATE[HY000]: General error: 1 error in index study_plans_user_id_subject_id_index after drop column: no such column: subject_id (Connection: sqlite, Database: database/test_db.sqlite, SQL: alter table "study_plans" drop column "subject_id")
&#13;
D:\study-planner\vendor\laravel\framework\src\Illuminate\Database\Connection.php:838
D:\study-planner\vendor\laravel\framework\src\Illuminate\Database\Connection.php:794
D:\study-planner\vendor\laravel\framework\src\Illuminate\Database\Connection.php:573
D:\study-planner\vendor\laravel\framework\src\Illuminate\Database\Schema\Blueprint.php:121
D:\study-planner\vendor\laravel\framework\src\Illuminate\Database\Schema\Builder.php:684
D:\study-planner\vendor\laravel\framework\src\Illuminate\Database\Schema\Builder.php:494
D:\study-planner\vendor\laravel\framework\src\Illuminate\Support\Facades\Facade.php:363
D:\study-planner\database\migrations\2026_02_17_000003_remove_subject_id_from_study_tables.php:14
D:\study-planner\vendor\laravel\framework\src\Illuminate\Database\Migrations\Migrator.php:517
D:\study-planner\vendor\laravel\framework\src\Illuminate\Database\Migrations\Migrator.php:442
D:\study-planner\vendor\laravel\framework\src\Illuminate\Database\Migrations\Migrator.php:451
D:\study-planner\vendor\laravel\framework\src\Illuminate\Database\Migrations\Migrator.php:253
D:\study-planner\vendor\laravel\framework\src\Illuminate\Console\View\Components\Task.php:41
D:\study-planner\vendor\laravel\framework\src\Illuminate\Database\Migrations\Migrator.php:812
D:\study-planner\vendor\laravel\framework\src\Illuminate\Database\Migrations\Migrator.php:253
D:\study-planner\vendor\laravel\framework\src\Illuminate\Database\Migrations\Migrator.php:211
D:\study-planner\vendor\laravel\framework\src\Illuminate\Database\Migrations\Migrator.php:138
D:\study-planner\vendor\laravel\framework\src\Illuminate\Database\Console\Migrations\MigrateCommand.php:116
D:\study-planner\vendor\laravel\framework\src\Illuminate\Database\Migrations\Migrator.php:669
D:\study-planner\vendor\laravel\framework\src\Illuminate\Database\Console\Migrations\MigrateCommand.php:109
D:\study-planner\vendor\laravel\framework\src\Illuminate\Database\Console\Migrations\MigrateCommand.php:88
D:\study-planner\vendor\laravel\framework\src\Illuminate\Container\BoundMethod.php:36
D:\study-planner\vendor\laravel\framework\src\Illuminate\Container\Util.php:43
D:\study-planner\vendor\laravel\framework\src\Illuminate\Container\BoundMethod.php:96
D:\study-planner\vendor\laravel\framework\src\Illuminate\Container\BoundMethod.php:35
D:\study-planner\vendor\laravel\framework\src\Illuminate\Container\Container.php:799
D:\study-planner\vendor\laravel\framework\src\Illuminate\Console\Command.php:211
D:\study-planner\vendor\symfony\console\Command\Command.php:341
D:\study-planner\vendor\laravel\framework\src\Illuminate\Console\Command.php:180
D:\study-planner\vendor\laravel\framework\src\Illuminate\Console\Concerns\CallsCommands.php:68
D:\study-planner\vendor\laravel\framework\src\Illuminate\Console\Concerns\CallsCommands.php:29
D:\study-planner\vendor\laravel\framework\src\Illuminate\Database\Console\Migrations\FreshCommand.php:81
D:\study-planner\vendor\laravel\framework\src\Illuminate\Container\BoundMethod.php:36
D:\study-planner\vendor\laravel\framework\src\Illuminate\Container\Util.php:43
D:\study-planner\vendor\laravel\framework\src\Illuminate\Container\BoundMethod.php:96
D:\study-planner\vendor\laravel\framework\src\Illuminate\Container\BoundMethod.php:35
D:\study-planner\vendor\laravel\framework\src\Illuminate\Container\Container.php:799
D:\study-planner\vendor\laravel\framework\src\Illuminate\Console\Command.php:211
D:\study-planner\vendor\symfony\console\Command\Command.php:341
D:\study-planner\vendor\laravel\framework\src\Illuminate\Console\Command.php:180
D:\study-planner\vendor\symfony\console\Application.php:1079
D:\study-planner\vendor\symfony\console\Application.php:356
D:\study-planner\vendor\symfony\console\Application.php:195
D:\study-planner\vendor\laravel\framework\src\Illuminate\Console\Application.php:165
D:\study-planner\vendor\laravel\framework\src\Illuminate\Foundation\Console\Kernel.php:447
D:\study-planner\vendor\laravel\framework\src\Illuminate\Testing\PendingCommand.php:451
D:\study-planner\vendor\laravel\framework\src\Illuminate\Testing\PendingCommand.php:675
D:\study-planner\vendor\laravel\framework\src\Illuminate\Foundation\Testing\Concerns\InteractsWithConsole.php:87
D:\study-planner\vendor\laravel\framework\src\Illuminate\Foundation\Testing\RefreshDatabase.php:119
D:\study-planner\vendor\laravel\framework\src\Illuminate\Foundation\Testing\RefreshDatabase.php:84
D:\study-planner\vendor\laravel\framework\src\Illuminate\Foundation\Testing\RefreshDatabase.php:25
D:\study-planner\vendor\laravel\framework\src\Illuminate\Foundation\Testing\Concerns\InteractsWithTestCaseLifecycle.php:217
D:\study-planner\vendor\laravel\framework\src\Illuminate\Foundation\Testing\Concerns\InteractsWithTestCaseLifecycle.php:101
D:\study-planner\vendor\laravel\framework\src\Illuminate\Foundation\Testing\TestCase.php:63
D:\study-planner\tests\Feature\OnboardingFlowTest.php:16</error>
    </testcase>
    <testcase name="it_allows_step_3_to_proceed_when_workload_is_valid" file="D:\study-planner\tests\Feature\OnboardingFlowTest.php" line="68" class="Tests\Feature\OnboardingFlowTest" classname="Tests.Feature.OnboardingFlowTest" assertions="0" time="0.000000">
      <error type="Illuminate\Database\QueryException">Tests\Feature\OnboardingFlowTest::it_allows_step_3_to_proceed_when_workload_is_valid&#13;
Illuminate\Database\QueryException: SQLSTATE[HY000]: General error: 1 error in index study_plans_user_id_subject_id_index after drop column: no such column: subject_id (Connection: sqlite, Database: database/test_db.sqlite, SQL: alter table "study_plans" drop column "subject_id")
&#13;
D:\study-planner\vendor\laravel\framework\src\Illuminate\Database\Connection.php:838
D:\study-planner\vendor\laravel\framework\src\Illuminate\Database\Connection.php:794
D:\study-planner\vendor\laravel\framework\src\Illuminate\Database\Connection.php:573
D:\study-planner\vendor\laravel\framework\src\Illuminate\Database\Schema\Blueprint.php:121
D:\study-planner\vendor\laravel\framework\src\Illuminate\Database\Schema\Builder.php:684
D:\study-planner\vendor\laravel\framework\src\Illuminate\Database\Schema\Builder.php:494
D:\study-planner\vendor\laravel\framework\src\Illuminate\Support\Facades\Facade.php:363
D:\study-planner\database\migrations\2026_02_17_000003_remove_subject_id_from_study_tables.php:14
D:\study-planner\vendor\laravel\framework\src\Illuminate\Database\Migrations\Migrator.php:517
D:\study-planner\vendor\laravel\framework\src\Illuminate\Database\Migrations\Migrator.php:442
D:\study-planner\vendor\laravel\framework\src\Illuminate\Database\Migrations\Migrator.php:451
D:\study-planner\vendor\laravel\framework\src\Illuminate\Database\Migrations\Migrator.php:253
D:\study-planner\vendor\laravel\framework\src\Illuminate\Console\View\Components\Task.php:41
D:\study-planner\vendor\laravel\framework\src\Illuminate\Database\Migrations\Migrator.php:812
D:\study-planner\vendor\laravel\framework\src\Illuminate\Database\Migrations\Migrator.php:253
D:\study-planner\vendor\laravel\framework\src\Illuminate\Database\Migrations\Migrator.php:211
D:\study-planner\vendor\laravel\framework\src\Illuminate\Database\Migrations\Migrator.php:138
D:\study-planner\vendor\laravel\framework\src\Illuminate\Database\Console\Migrations\MigrateCommand.php:116
D:\study-planner\vendor\laravel\framework\src\Illuminate\Database\Migrations\Migrator.php:669
D:\study-planner\vendor\laravel\framework\src\Illuminate\Database\Console\Migrations\MigrateCommand.php:109
D:\study-planner\vendor\laravel\framework\src\Illuminate\Database\Console\Migrations\MigrateCommand.php:88
D:\study-planner\vendor\laravel\framework\src\Illuminate\Container\BoundMethod.php:36
D:\study-planner\vendor\laravel\framework\src\Illuminate\Container\Util.php:43
D:\study-planner\vendor\laravel\framework\src\Illuminate\Container\BoundMethod.php:96
D:\study-planner\vendor\laravel\framework\src\Illuminate\Container\BoundMethod.php:35
D:\study-planner\vendor\laravel\framework\src\Illuminate\Container\Container.php:799
D:\study-planner\vendor\laravel\framework\src\Illuminate\Console\Command.php:211
D:\study-planner\vendor\symfony\console\Command\Command.php:341
D:\study-planner\vendor\laravel\framework\src\Illuminate\Console\Command.php:180
D:\study-planner\vendor\laravel\framework\src\Illuminate\Console\Concerns\CallsCommands.php:68
D:\study-planner\vendor\laravel\framework\src\Illuminate\Console\Concerns\CallsCommands.php:29
D:\study-planner\vendor\laravel\framework\src\Illuminate\Database\Console\Migrations\FreshCommand.php:81
D:\study-planner\vendor\laravel\framework\src\Illuminate\Container\BoundMethod.php:36
D:\study-planner\vendor\laravel\framework\src\Illuminate\Container\Util.php:43
D:\study-planner\vendor\laravel\framework\src\Illuminate\Container\BoundMethod.php:96
D:\study-planner\vendor\laravel\framework\src\Illuminate\Container\BoundMethod.php:35
D:\study-planner\vendor\laravel\framework\src\Illuminate\Container\Container.php:799
D:\study-planner\vendor\laravel\framework\src\Illuminate\Console\Command.php:211
D:\study-planner\vendor\symfony\console\Command\Command.php:341
D:\study-planner\vendor\laravel\framework\src\Illuminate\Console\Command.php:180
D:\study-planner\vendor\symfony\console\Application.php:1079
D:\study-planner\vendor\symfony\console\Application.php:356
D:\study-planner\vendor\symfony\console\Application.php:195
D:\study-planner\vendor\laravel\framework\src\Illuminate\Console\Application.php:165
D:\study-planner\vendor\laravel\framework\src\Illuminate\Foundation\Console\Kernel.php:447
D:\study-planner\vendor\laravel\framework\src\Illuminate\Testing\PendingCommand.php:451
D:\study-planner\vendor\laravel\framework\src\Illuminate\Testing\PendingCommand.php:675
D:\study-planner\vendor\laravel\framework\src\Illuminate\Foundation\Testing\Concerns\InteractsWithConsole.php:87
D:\study-planner\vendor\laravel\framework\src\Illuminate\Foundation\Testing\RefreshDatabase.php:119
D:\study-planner\vendor\laravel\framework\src\Illuminate\Foundation\Testing\RefreshDatabase.php:84
D:\study-planner\vendor\laravel\framework\src\Illuminate\Foundation\Testing\RefreshDatabase.php:25
D:\study-planner\vendor\laravel\framework\src\Illuminate\Foundation\Testing\Concerns\InteractsWithTestCaseLifecycle.php:217
D:\study-planner\vendor\laravel\framework\src\Illuminate\Foundation\Testing\Concerns\InteractsWithTestCaseLifecycle.php:101
D:\study-planner\vendor\laravel\framework\src\Illuminate\Foundation\Testing\TestCase.php:63
D:\study-planner\tests\Feature\OnboardingFlowTest.php:16</error>
    </testcase>
    <testcase name="it_updates_settings_correctly_with_non_blocking_workload_warning" file="D:\study-planner\tests\Feature\OnboardingFlowTest.php" line="89" class="Tests\Feature\OnboardingFlowTest" classname="Tests.Feature.OnboardingFlowTest" assertions="0" time="0.000000">
      <error type="Illuminate\Database\QueryException">Tests\Feature\OnboardingFlowTest::it_updates_settings_correctly_with_non_blocking_workload_warning&#13;
Illuminate\Database\QueryException: SQLSTATE[HY000]: General error: 1 error in index study_plans_user_id_subject_id_index after drop column: no such column: subject_id (Connection: sqlite, Database: database/test_db.sqlite, SQL: alter table "study_plans" drop column "subject_id")
&#13;
D:\study-planner\vendor\laravel\framework\src\Illuminate\Database\Connection.php:838
D:\study-planner\vendor\laravel\framework\src\Illuminate\Database\Connection.php:794
D:\study-planner\vendor\laravel\framework\src\Illuminate\Database\Connection.php:573
D:\study-planner\vendor\laravel\framework\src\Illuminate\Database\Schema\Blueprint.php:121
D:\study-planner\vendor\laravel\framework\src\Illuminate\Database\Schema\Builder.php:684
D:\study-planner\vendor\laravel\framework\src\Illuminate\Database\Schema\Builder.php:494
D:\study-planner\vendor\laravel\framework\src\Illuminate\Support\Facades\Facade.php:363
D:\study-planner\database\migrations\2026_02_17_000003_remove_subject_id_from_study_tables.php:14
D:\study-planner\vendor\laravel\framework\src\Illuminate\Database\Migrations\Migrator.php:517
D:\study-planner\vendor\laravel\framework\src\Illuminate\Database\Migrations\Migrator.php:442
D:\study-planner\vendor\laravel\framework\src\Illuminate\Database\Migrations\Migrator.php:451
D:\study-planner\vendor\laravel\framework\src\Illuminate\Database\Migrations\Migrator.php:253
D:\study-planner\vendor\laravel\framework\src\Illuminate\Console\View\Components\Task.php:41
D:\study-planner\vendor\laravel\framework\src\Illuminate\Database\Migrations\Migrator.php:812
D:\study-planner\vendor\laravel\framework\src\Illuminate\Database\Migrations\Migrator.php:253
D:\study-planner\vendor\laravel\framework\src\Illuminate\Database\Migrations\Migrator.php:211
D:\study-planner\vendor\laravel\framework\src\Illuminate\Database\Migrations\Migrator.php:138
D:\study-planner\vendor\laravel\framework\src\Illuminate\Database\Console\Migrations\MigrateCommand.php:116
D:\study-planner\vendor\laravel\framework\src\Illuminate\Database\Migrations\Migrator.php:669
D:\study-planner\vendor\laravel\framework\src\Illuminate\Database\Console\Migrations\MigrateCommand.php:109
D:\study-planner\vendor\laravel\framework\src\Illuminate\Database\Console\Migrations\MigrateCommand.php:88
D:\study-planner\vendor\laravel\framework\src\Illuminate\Container\BoundMethod.php:36
D:\study-planner\vendor\laravel\framework\src\Illuminate\Container\Util.php:43
D:\study-planner\vendor\laravel\framework\src\Illuminate\Container\BoundMethod.php:96
D:\study-planner\vendor\laravel\framework\src\Illuminate\Container\BoundMethod.php:35
D:\study-planner\vendor\laravel\framework\src\Illuminate\Container\Container.php:799
D:\study-planner\vendor\laravel\framework\src\Illuminate\Console\Command.php:211
D:\study-planner\vendor\symfony\console\Command\Command.php:341
D:\study-planner\vendor\laravel\framework\src\Illuminate\Console\Command.php:180
D:\study-planner\vendor\laravel\framework\src\Illuminate\Console\Concerns\CallsCommands.php:68
D:\study-planner\vendor\laravel\framework\src\Illuminate\Console\Concerns\CallsCommands.php:29
D:\study-planner\vendor\laravel\framework\src\Illuminate\Database\Console\Migrations\FreshCommand.php:81
D:\study-planner\vendor\laravel\framework\src\Illuminate\Container\BoundMethod.php:36
D:\study-planner\vendor\laravel\framework\src\Illuminate\Container\Util.php:43
D:\study-planner\vendor\laravel\framework\src\Illuminate\Container\BoundMethod.php:96
D:\study-planner\vendor\laravel\framework\src\Illuminate\Container\BoundMethod.php:35
D:\study-planner\vendor\laravel\framework\src\Illuminate\Container\Container.php:799
D:\study-planner\vendor\laravel\framework\src\Illuminate\Console\Command.php:211
D:\study-planner\vendor\symfony\console\Command\Command.php:341
D:\study-planner\vendor\laravel\framework\src\Illuminate\Console\Command.php:180
D:\study-planner\vendor\symfony\console\Application.php:1079
D:\study-planner\vendor\symfony\console\Application.php:356
D:\study-planner\vendor\symfony\console\Application.php:195
D:\study-planner\vendor\laravel\framework\src\Illuminate\Console\Application.php:165
D:\study-planner\vendor\laravel\framework\src\Illuminate\Foundation\Console\Kernel.php:447
D:\study-planner\vendor\laravel\framework\src\Illuminate\Testing\PendingCommand.php:451
D:\study-planner\vendor\laravel\framework\src\Illuminate\Testing\PendingCommand.php:675
D:\study-planner\vendor\laravel\framework\src\Illuminate\Foundation\Testing\Concerns\InteractsWithConsole.php:87
D:\study-planner\vendor\laravel\framework\src\Illuminate\Foundation\Testing\RefreshDatabase.php:119
D:\study-planner\vendor\laravel\framework\src\Illuminate\Foundation\Testing\RefreshDatabase.php:84
D:\study-planner\vendor\laravel\framework\src\Illuminate\Foundation\Testing\RefreshDatabase.php:25
D:\study-planner\vendor\laravel\framework\src\Illuminate\Foundation\Testing\Concerns\InteractsWithTestCaseLifecycle.php:217
D:\study-planner\vendor\laravel\framework\src\Illuminate\Foundation\Testing\Concerns\InteractsWithTestCaseLifecycle.php:101
D:\study-planner\vendor\laravel\framework\src\Illuminate\Foundation\Testing\TestCase.php:63
D:\study-planner\tests\Feature\OnboardingFlowTest.php:16</error>
    </testcase>
  </testsuite>
</testsuites>
